07:33:33.066 [main] INFO  - Goto my account-->Click on Login.. 
07:33:33.145 [main] INFO  - Goto my account-->Click on Login.. 
07:33:33.160 [main] INFO  - Goto my account-->Click on Login.. 
07:33:33.183 [main] INFO  - Goto my account-->Click on Login.. 
07:33:33.198 [main] INFO  - Goto my account-->Click on Login.. 
07:33:33.213 [main] INFO  - Goto my account-->Click on Login.. 
07:35:00.700 [main] INFO  - Goto my account-->Click on Login.. 
07:35:00.792 [main] INFO  - Goto my account-->Click on Login.. 
07:35:00.809 [main] INFO  - Goto my account-->Click on Login.. 
07:35:00.847 [main] INFO  - Goto my account-->Click on Login.. 
07:35:00.865 [main] INFO  - Goto my account-->Click on Login.. 
07:35:00.879 [main] INFO  - Goto my account-->Click on Login.. 
07:37:04.406 [main] INFO  - Goto my account-->Click on Login.. 
07:37:04.504 [main] INFO  - Goto my account-->Click on Login.. 
07:37:04.526 [main] INFO  - Goto my account-->Click on Login.. 
07:37:04.560 [main] INFO  - Goto my account-->Click on Login.. 
07:37:04.575 [main] INFO  - Goto my account-->Click on Login.. 
07:37:04.591 [main] INFO  - Goto my account-->Click on Login.. 
07:38:20.188 [main] INFO  - Goto my account-->Click on Login.. 
07:38:20.276 [main] INFO  - Goto my account-->Click on Login.. 
07:38:20.299 [main] INFO  - Goto my account-->Click on Login.. 
07:38:20.332 [main] INFO  - Goto my account-->Click on Login.. 
07:38:20.348 [main] INFO  - Goto my account-->Click on Login.. 
07:38:20.363 [main] INFO  - Goto my account-->Click on Login.. 
07:47:18.283 [main] INFO  - Goto my account-->Click on Login.. 
07:47:18.380 [main] INFO  - Goto my account-->Click on Login.. 
07:47:18.394 [main] INFO  - Goto my account-->Click on Login.. 
07:47:18.425 [main] INFO  - Goto my account-->Click on Login.. 
07:47:18.441 [main] INFO  - Goto my account-->Click on Login.. 
07:47:18.456 [main] INFO  - Goto my account-->Click on Login.. 
07:52:17.720 [main] INFO  - Goto my account-->Click on Login.. 
07:52:17.830 [main] INFO  - Goto my account-->Click on Login.. 
07:52:17.846 [main] INFO  - Goto my account-->Click on Login.. 
08:00:22.261 [main] INFO  - Goto my account-->Click on Login.. 
08:00:22.371 [main] INFO  - Goto my account-->Click on Login.. 
08:00:22.386 [main] INFO  - Goto my account-->Click on Login.. 
08:13:42.812 [main] INFO  - Goto my account-->Click on Login.. 
08:13:42.922 [main] INFO  - Goto my account-->Click on Login.. 
08:13:42.953 [main] INFO  - Goto my account-->Click on Login.. 
08:15:29.242 [main] INFO  - Goto my account-->Click on Login.. 
08:15:30.141 [main] INFO  - Entering email and password.. 
08:15:30.859 [main] INFO  - clicked on login button...
08:15:39.720 [main] INFO  - Goto my account-->Click on Login.. 
08:15:40.836 [main] INFO  - Entering email and password.. 
08:15:41.511 [main] INFO  - clicked on login button...
04:32:22.408 [main] INFO  - Goto my account-->Click on Login.. 
04:32:23.037 [main] INFO  - Entering email and password.. 
04:32:23.533 [main] INFO  - clicked on login button...
04:32:35.702 [main] INFO  - Goto my account-->Click on Login.. 
04:32:36.639 [main] INFO  - Entering email and password.. 
04:32:37.245 [main] INFO  - clicked on login button...
04:32:45.014 [main] INFO  - Goto my account-->Click on Login.. 
04:32:45.965 [main] INFO  - Entering email and password.. 
04:32:46.622 [main] INFO  - clicked on login button...
09:59:02.935 [main] INFO  - Goto my account-->Click on Login.. 
09:59:03.873 [main] INFO  - Entering email and password.. 
09:59:04.570 [main] INFO  - clicked on login button...
09:59:19.177 [main] INFO  - Goto my account-->Click on Login.. 
09:59:20.238 [main] INFO  - Entering email and password.. 
09:59:20.668 [main] INFO  - clicked on login button...
10:01:50.839 [main] INFO  - Goto my account-->Click on Login.. 
10:02:30.258 [main] INFO  - Goto my account-->Click on Login.. 
10:22:58.767 [main] INFO  - Navigating to Login Page...
10:22:59.355 [main] INFO  - Entering email and password...
10:23:00.337 [main] INFO  - Clicked on login button...
10:23:00.343 [main] INFO  - User clicks on search bar...
10:23:01.015 [main] INFO  - User enters product name in search bar...
10:23:01.755 [main] INFO  - Product search page is displayed...
10:23:04.014 [main] INFO  - Navigating to Login Page...
10:23:05.130 [main] INFO  - Entering email and password...
10:23:05.549 [main] INFO  - Clicked on login button...
10:23:05.551 [main] INFO  - User clicks on search bar...
10:23:08.441 [main] INFO  - Navigating to Login Page...
10:23:09.473 [main] INFO  - Entering email and password...
10:23:10.160 [main] INFO  - Clicked on login button...
10:23:10.160 [main] INFO  - User clicks on search bar...
10:23:10.724 [main] INFO  - User enters product name in search bar...
10:23:11.396 [main] INFO  - Product search page is displayed...
